<?xml version="1.0" encoding="UTF-8"?>
<testng-results ignored="0" total="1" passed="1" failed="0" skipped="0">
  <reporter-output>
  </reporter-output>
  <suite started-at="2023-07-22T16:50:19Z" name="Default suite" finished-at="2023-07-22T16:50:22Z" duration-ms="2634">
    <groups>
    </groups>
    <test started-at="2023-07-22T16:50:19Z" name="Default test" finished-at="2023-07-22T16:50:22Z" duration-ms="2634">
      <class name="Prueba1.NewTest">
        <test-method signature="tc01()[pri:0, instance:Prueba1.NewTest@606e4010]" started-at="2023-07-22T10:50:19Z" name="tc01" finished-at="2023-07-22T10:50:22Z" duration-ms="2619" status="PASS">
          <reporter-output>
          </reporter-output>
        </test-method> <!-- tc01 -->
      </class> <!-- Prueba1.NewTest -->
    </test> <!-- Default test -->
  </suite> <!-- Default suite -->
</testng-results>
