<?xml version="1.0" encoding="UTF-8"?>
<testng-results ignored="0" total="1" passed="1" failed="0" skipped="0">
  <reporter-output>
  </reporter-output>
  <suite started-at="2023-08-19T17:27:41Z" name="Default suite" finished-at="2023-08-19T17:27:43Z" duration-ms="1908">
    <groups>
    </groups>
    <test started-at="2023-08-19T17:27:41Z" name="Default test" finished-at="2023-08-19T17:27:43Z" duration-ms="1908">
      <class name="loginTestCases.TC_05">
        <test-method is-config="true" signature="startWebDriver()[pri:0, instance:loginTestCases.TC_05@53093491]" started-at="2023-08-19T11:27:41Z" name="startWebDriver" finished-at="2023-08-19T11:27:42Z" duration-ms="520" status="PASS">
          <reporter-output>
          </reporter-output>
        </test-method> <!-- startWebDriver -->
        <test-method signature="TC_05()[pri:0, instance:loginTestCases.TC_05@53093491]" started-at="2023-08-19T11:27:42Z" name="TC_05" finished-at="2023-08-19T11:27:42Z" duration-ms="909" status="PASS">
          <reporter-output>
          </reporter-output>
        </test-method> <!-- TC_05 -->
        <test-method is-config="true" signature="closerDriver()[pri:0, instance:loginTestCases.TC_05@53093491]" started-at="2023-08-19T11:27:42Z" name="closerDriver" finished-at="2023-08-19T11:27:43Z" duration-ms="459" status="PASS">
          <reporter-output>
          </reporter-output>
        </test-method> <!-- closerDriver -->
      </class> <!-- loginTestCases.TC_05 -->
    </test> <!-- Default test -->
  </suite> <!-- Default suite -->
</testng-results>
